D:\学习\程序设计\PROJECT\主函数\主函数\DEBUG\STDAFX.OBJ
D:\学习\程序设计\PROJECT\主函数\主函数\DEBUG\VC110.PDB
D:\学习\程序设计\PROJECT\主函数\主函数\DEBUG\主函数.OBJ
D:\学习\程序设计\PROJECT\主函数\DEBUG\主函数.ILK
D:\学习\程序设计\PROJECT\主函数\DEBUG\主函数.EXE
D:\学习\程序设计\PROJECT\主函数\DEBUG\主函数.PDB
D:\学习\程序设计\project\主函数\主函数\Debug\stdafx.obj
D:\学习\程序设计\project\主函数\主函数\Debug\主函数.obj
D:\学习\程序设计\project\主函数\主函数\Debug\cl.command.1.tlog
D:\学习\程序设计\project\主函数\主函数\Debug\CL.read.1.tlog
D:\学习\程序设计\project\主函数\主函数\Debug\CL.write.1.tlog
D:\学习\程序设计\project\主函数\主函数\Debug\link-cvtres.read.1.tlog
D:\学习\程序设计\project\主函数\主函数\Debug\link-cvtres.write.1.tlog
D:\学习\程序设计\project\主函数\主函数\Debug\link-rc.read.1.tlog
D:\学习\程序设计\project\主函数\主函数\Debug\link-rc.write.1.tlog
D:\学习\程序设计\project\主函数\主函数\Debug\link.15992-cvtres.read.1.tlog
D:\学习\程序设计\project\主函数\主函数\Debug\link.15992-cvtres.write.1.tlog
D:\学习\程序设计\project\主函数\主函数\Debug\link.15992-rc.read.1.tlog
D:\学习\程序设计\project\主函数\主函数\Debug\link.15992-rc.write.1.tlog
D:\学习\程序设计\project\主函数\主函数\Debug\link.15992.read.1.tlog
D:\学习\程序设计\project\主函数\主函数\Debug\link.15992.write.1.tlog
D:\学习\程序设计\project\主函数\主函数\Debug\link.4324-cvtres.read.1.tlog
D:\学习\程序设计\project\主函数\主函数\Debug\link.4324-cvtres.write.1.tlog
D:\学习\程序设计\project\主函数\主函数\Debug\link.4324-rc.read.1.tlog
D:\学习\程序设计\project\主函数\主函数\Debug\link.4324-rc.write.1.tlog
D:\学习\程序设计\project\主函数\主函数\Debug\link.4324.read.1.tlog
D:\学习\程序设计\project\主函数\主函数\Debug\link.4324.write.1.tlog
D:\学习\程序设计\project\主函数\主函数\Debug\link.command.1.tlog
D:\学习\程序设计\project\主函数\主函数\Debug\link.read.1.tlog
D:\学习\程序设计\project\主函数\主函数\Debug\link.write.1.tlog
D:\学习\程序设计\project\主函数\主函数\Debug\vc110.idb
D:\学习\程序设计\project\主函数\主函数\Debug\vc110.pdb
D:\学习\程序设计\project\主函数\Debug\主函数.pdb
D:\学习\程序设计\project\主函数\Debug\主函数.exe
D:\学习\程序设计\project\主函数\Debug\主函数.ilk
